<?xml version="1.0" encoding="UTF-8"?>
<!-- Generated by org.testng.reporters.JUnitXMLReporter -->
<testsuite ignored="0" hostname="Naveens-MacBook-Pro.local" failures="0" tests="7" name="chrome_test" time="72.99" errors="0" timestamp="2023-01-01T23:13:56 GST">
  <testcase classname="testCases.TC_001_AccountRegistrationTest" name="test_account_registration" time="2.721"/>
  <testcase classname="testCases.TC_002_AccountLoginTest" name="testAccountLogin" time="1.687"/>
  <testcase classname="testCases.TC_003_DataDrivenTest" name="testDataDriven" time="11.223"/>
  <testcase classname="testCases.TC_003_DataDrivenTest" name="testDataDriven" time="10.977"/>
  <testcase classname="testCases.TC_003_DataDrivenTest" name="testDataDriven" time="11.022"/>
  <testcase classname="testCases.TC_003_DataDrivenTest" name="testDataDriven" time="10.993"/>
  <testcase classname="testCases.TC_003_DataDrivenTest" name="testDataDriven" time="1.374"/>
</testsuite> <!-- chrome_test -->
