<?xml version="1.0" encoding="UTF-8"?>
<testng-results ignored="0" total="7" passed="7" failed="0" skipped="0">
  <reporter-output>
  </reporter-output>
  <suite started-at="2023-01-03T10:07:43 GST" name="All Test Suite" finished-at="2023-01-03T10:09:09 GST" duration-ms="85873">
    <groups>
      <group name="Master">
        <method signature="TC_001_AccountRegistrationTest.test_account_registration()[pri:0, instance:testCases.TC_001_AccountRegistrationTest@4facf68f]" name="test_account_registration" class="testCases.TC_001_AccountRegistrationTest"/>
        <method signature="TC_002_AccountLoginTest.testAccountLogin()[pri:0, instance:testCases.TC_002_AccountLoginTest@72f926e6]" name="testAccountLogin" class="testCases.TC_002_AccountLoginTest"/>
        <method signature="TC_003_DataDrivenTest.testDataDriven(java.lang.String,java.lang.String,java.lang.String)[pri:0, instance:testCases.TC_003_DataDrivenTest@3daa422a]" name="testDataDriven" class="testCases.TC_003_DataDrivenTest"/>
      </group> <!-- Master -->
      <group name="Sanity">
        <method signature="TC_002_AccountLoginTest.testAccountLogin()[pri:0, instance:testCases.TC_002_AccountLoginTest@72f926e6]" name="testAccountLogin" class="testCases.TC_002_AccountLoginTest"/>
      </group> <!-- Sanity -->
      <group name="DataDriven">
        <method signature="TC_003_DataDrivenTest.testDataDriven(java.lang.String,java.lang.String,java.lang.String)[pri:0, instance:testCases.TC_003_DataDrivenTest@3daa422a]" name="testDataDriven" class="testCases.TC_003_DataDrivenTest"/>
      </group> <!-- DataDriven -->
      <group name="Regression">
        <method signature="TC_001_AccountRegistrationTest.test_account_registration()[pri:0, instance:testCases.TC_001_AccountRegistrationTest@4facf68f]" name="test_account_registration" class="testCases.TC_001_AccountRegistrationTest"/>
      </group> <!-- Regression -->
    </groups>
    <test started-at="2023-01-03T10:07:43 GST" name="chrome_test" finished-at="2023-01-03T10:09:09 GST" duration-ms="85873">
      <class name="testCases.TC_001_AccountRegistrationTest">
        <test-method is-config="true" signature="setup()[pri:0, instance:testCases.TC_001_AccountRegistrationTest@4facf68f]" started-at="2023-01-03T10:07:44 GST" name="setup" finished-at="2023-01-03T10:07:57 GST" duration-ms="13456" status="PASS">
          <reporter-output>
          </reporter-output>
        </test-method> <!-- setup -->
        <test-method signature="test_account_registration()[pri:0, instance:testCases.TC_001_AccountRegistrationTest@4facf68f]" started-at="2023-01-03T10:07:57 GST" name="test_account_registration" finished-at="2023-01-03T10:08:00 GST" duration-ms="2795" status="PASS">
          <reporter-output>
          </reporter-output>
        </test-method> <!-- test_account_registration -->
        <test-method is-config="true" signature="teardown()[pri:0, instance:testCases.TC_001_AccountRegistrationTest@4facf68f]" started-at="2023-01-03T10:08:00 GST" name="teardown" finished-at="2023-01-03T10:08:00 GST" duration-ms="258" status="PASS">
          <reporter-output>
          </reporter-output>
        </test-method> <!-- teardown -->
      </class> <!-- testCases.TC_001_AccountRegistrationTest -->
      <class name="testCases.TC_003_DataDrivenTest">
        <test-method is-config="true" signature="setup(java.lang.String)[pri:0, instance:testCases.TC_003_DataDrivenTest@3daa422a]" started-at="2023-01-03T10:08:07 GST" name="setup" finished-at="2023-01-03T10:08:21 GST" duration-ms="13352" status="PASS">
          <params>
            <param index="0">
              <value>
                <![CDATA[chrome]]>
              </value>
            </param>
          </params>
          <reporter-output>
          </reporter-output>
        </test-method> <!-- setup -->
        <test-method signature="testDataDriven(java.lang.String,java.lang.String,java.lang.String)[pri:0, instance:testCases.TC_003_DataDrivenTest@3daa422a]" started-at="2023-01-03T10:08:22 GST" name="testDataDriven" data-provider="LoginData" finished-at="2023-01-03T10:08:34 GST" duration-ms="11261" status="PASS">
          <params>
            <param index="0">
              <value>
                <![CDATA[pavanoltraining@gmail.com]]>
              </value>
            </param>
            <param index="1">
              <value>
                <![CDATA[test@123]]>
              </value>
            </param>
            <param index="2">
              <value>
                <![CDATA[Invalid]]>
              </value>
            </param>
          </params>
          <reporter-output>
          </reporter-output>
        </test-method> <!-- testDataDriven -->
        <test-method signature="testDataDriven(java.lang.String,java.lang.String,java.lang.String)[pri:0, instance:testCases.TC_003_DataDrivenTest@3daa422a]" started-at="2023-01-03T10:08:34 GST" name="testDataDriven" data-provider="LoginData" finished-at="2023-01-03T10:08:46 GST" duration-ms="12176" status="PASS">
          <params>
            <param index="0">
              <value>
                <![CDATA[lakshmi@yahoo.com]]>
              </value>
            </param>
            <param index="1">
              <value>
                <![CDATA[Laxmi]]>
              </value>
            </param>
            <param index="2">
              <value>
                <![CDATA[Invalid]]>
              </value>
            </param>
          </params>
          <reporter-output>
          </reporter-output>
        </test-method> <!-- testDataDriven -->
        <test-method signature="testDataDriven(java.lang.String,java.lang.String,java.lang.String)[pri:0, instance:testCases.TC_003_DataDrivenTest@3daa422a]" started-at="2023-01-03T10:08:46 GST" name="testDataDriven" data-provider="LoginData" finished-at="2023-01-03T10:08:57 GST" duration-ms="11028" status="PASS">
          <params>
            <param index="0">
              <value>
                <![CDATA[laksh@yahoo.com]]>
              </value>
            </param>
            <param index="1">
              <value>
                <![CDATA[Lakshmi]]>
              </value>
            </param>
            <param index="2">
              <value>
                <![CDATA[Invalid]]>
              </value>
            </param>
          </params>
          <reporter-output>
          </reporter-output>
        </test-method> <!-- testDataDriven -->
        <test-method signature="testDataDriven(java.lang.String,java.lang.String,java.lang.String)[pri:0, instance:testCases.TC_003_DataDrivenTest@3daa422a]" started-at="2023-01-03T10:08:57 GST" name="testDataDriven" data-provider="LoginData" finished-at="2023-01-03T10:09:08 GST" duration-ms="10960" status="PASS">
          <params>
            <param index="0">
              <value>
                <![CDATA[laks@yahoo.com]]>
              </value>
            </param>
            <param index="1">
              <value>
                <![CDATA[xyz]]>
              </value>
            </param>
            <param index="2">
              <value>
                <![CDATA[Invalid]]>
              </value>
            </param>
          </params>
          <reporter-output>
          </reporter-output>
        </test-method> <!-- testDataDriven -->
        <test-method signature="testDataDriven(java.lang.String,java.lang.String,java.lang.String)[pri:0, instance:testCases.TC_003_DataDrivenTest@3daa422a]" started-at="2023-01-03T10:09:08 GST" name="testDataDriven" data-provider="LoginData" finished-at="2023-01-03T10:09:09 GST" duration-ms="1357" status="PASS">
          <params>
            <param index="0">
              <value>
                <![CDATA[abc123@gmail.com]]>
              </value>
            </param>
            <param index="1">
              <value>
                <![CDATA[test@123]]>
              </value>
            </param>
            <param index="2">
              <value>
                <![CDATA[Valid]]>
              </value>
            </param>
          </params>
          <reporter-output>
          </reporter-output>
        </test-method> <!-- testDataDriven -->
        <test-method is-config="true" signature="tearDown()[pri:0, instance:testCases.TC_003_DataDrivenTest@3daa422a]" started-at="2023-01-03T10:09:09 GST" name="tearDown" finished-at="2023-01-03T10:09:09 GST" duration-ms="188" status="PASS">
          <reporter-output>
          </reporter-output>
        </test-method> <!-- tearDown -->
      </class> <!-- testCases.TC_003_DataDrivenTest -->
      <class name="testCases.TC_002_AccountLoginTest">
        <test-method is-config="true" signature="setup(java.lang.String)[pri:0, instance:testCases.TC_002_AccountLoginTest@72f926e6]" started-at="2023-01-03T10:08:00 GST" name="setup" finished-at="2023-01-03T10:08:06 GST" duration-ms="5230" status="PASS">
          <params>
            <param index="0">
              <value>
                <![CDATA[chrome]]>
              </value>
            </param>
          </params>
          <reporter-output>
          </reporter-output>
        </test-method> <!-- setup -->
        <test-method signature="testAccountLogin()[pri:0, instance:testCases.TC_002_AccountLoginTest@72f926e6]" started-at="2023-01-03T10:08:06 GST" name="testAccountLogin" finished-at="2023-01-03T10:08:07 GST" duration-ms="1508" status="PASS">
          <reporter-output>
          </reporter-output>
        </test-method> <!-- testAccountLogin -->
        <test-method is-config="true" signature="tearDown()[pri:0, instance:testCases.TC_002_AccountLoginTest@72f926e6]" started-at="2023-01-03T10:08:07 GST" name="tearDown" finished-at="2023-01-03T10:08:07 GST" duration-ms="187" status="PASS">
          <reporter-output>
          </reporter-output>
        </test-method> <!-- tearDown -->
      </class> <!-- testCases.TC_002_AccountLoginTest -->
    </test> <!-- chrome_test -->
  </suite> <!-- All Test Suite -->
</testng-results>
