<?xml version="1.0" encoding="UTF-8"?>
<testng-results ignored="0" total="7" passed="7" failed="0" skipped="0">
  <reporter-output>
  </reporter-output>
  <suite started-at="2023-01-01T23:12:43 GST" name="All Test Suite" finished-at="2023-01-01T23:13:56 GST" duration-ms="72990">
    <groups>
      <group name="Master">
        <method signature="TC_001_AccountRegistrationTest.test_account_registration()[pri:0, instance:testCases.TC_001_AccountRegistrationTest@434a63ab]" name="test_account_registration" class="testCases.TC_001_AccountRegistrationTest"/>
        <method signature="TC_002_AccountLoginTest.testAccountLogin()[pri:0, instance:testCases.TC_002_AccountLoginTest@17497425]" name="testAccountLogin" class="testCases.TC_002_AccountLoginTest"/>
        <method signature="TC_003_DataDrivenTest.testDataDriven(java.lang.String,java.lang.String,java.lang.String)[pri:0, instance:testCases.TC_003_DataDrivenTest@f0da945]" name="testDataDriven" class="testCases.TC_003_DataDrivenTest"/>
      </group> <!-- Master -->
      <group name="Sanity">
        <method signature="TC_002_AccountLoginTest.testAccountLogin()[pri:0, instance:testCases.TC_002_AccountLoginTest@17497425]" name="testAccountLogin" class="testCases.TC_002_AccountLoginTest"/>
      </group> <!-- Sanity -->
      <group name="DataDriven">
        <method signature="TC_003_DataDrivenTest.testDataDriven(java.lang.String,java.lang.String,java.lang.String)[pri:0, instance:testCases.TC_003_DataDrivenTest@f0da945]" name="testDataDriven" class="testCases.TC_003_DataDrivenTest"/>
      </group> <!-- DataDriven -->
      <group name="Regression">
        <method signature="TC_001_AccountRegistrationTest.test_account_registration()[pri:0, instance:testCases.TC_001_AccountRegistrationTest@434a63ab]" name="test_account_registration" class="testCases.TC_001_AccountRegistrationTest"/>
      </group> <!-- Regression -->
    </groups>
    <test started-at="2023-01-01T23:12:43 GST" name="chrome_test" finished-at="2023-01-01T23:13:56 GST" duration-ms="72990">
      <class name="testCases.TC_001_AccountRegistrationTest">
        <test-method is-config="true" signature="setup()[pri:0, instance:testCases.TC_001_AccountRegistrationTest@434a63ab]" started-at="2023-01-01T23:12:43 GST" name="setup" finished-at="2023-01-01T23:12:51 GST" duration-ms="8060" status="PASS">
          <reporter-output>
          </reporter-output>
        </test-method> <!-- setup -->
        <test-method signature="test_account_registration()[pri:0, instance:testCases.TC_001_AccountRegistrationTest@434a63ab]" started-at="2023-01-01T23:12:51 GST" name="test_account_registration" finished-at="2023-01-01T23:12:54 GST" duration-ms="2721" status="PASS">
          <reporter-output>
          </reporter-output>
        </test-method> <!-- test_account_registration -->
        <test-method is-config="true" signature="teardown()[pri:0, instance:testCases.TC_001_AccountRegistrationTest@434a63ab]" started-at="2023-01-01T23:12:54 GST" name="teardown" finished-at="2023-01-01T23:12:54 GST" duration-ms="300" status="PASS">
          <reporter-output>
          </reporter-output>
        </test-method> <!-- teardown -->
      </class> <!-- testCases.TC_001_AccountRegistrationTest -->
      <class name="testCases.TC_003_DataDrivenTest">
        <test-method is-config="true" signature="setup(java.lang.String)[pri:0, instance:testCases.TC_003_DataDrivenTest@f0da945]" started-at="2023-01-01T23:13:00 GST" name="setup" finished-at="2023-01-01T23:13:08 GST" duration-ms="8303" status="PASS">
          <params>
            <param index="0">
              <value>
                <![CDATA[chrome]]>
              </value>
            </param>
          </params>
          <reporter-output>
          </reporter-output>
        </test-method> <!-- setup -->
        <test-method signature="testDataDriven(java.lang.String,java.lang.String,java.lang.String)[pri:0, instance:testCases.TC_003_DataDrivenTest@f0da945]" started-at="2023-01-01T23:13:10 GST" name="testDataDriven" data-provider="LoginData" finished-at="2023-01-01T23:13:21 GST" duration-ms="11223" status="PASS">
          <params>
            <param index="0">
              <value>
                <![CDATA[pavanoltraining@gmail.com]]>
              </value>
            </param>
            <param index="1">
              <value>
                <![CDATA[test@123]]>
              </value>
            </param>
            <param index="2">
              <value>
                <![CDATA[Invalid]]>
              </value>
            </param>
          </params>
          <reporter-output>
          </reporter-output>
        </test-method> <!-- testDataDriven -->
        <test-method signature="testDataDriven(java.lang.String,java.lang.String,java.lang.String)[pri:0, instance:testCases.TC_003_DataDrivenTest@f0da945]" started-at="2023-01-01T23:13:21 GST" name="testDataDriven" data-provider="LoginData" finished-at="2023-01-01T23:13:32 GST" duration-ms="10977" status="PASS">
          <params>
            <param index="0">
              <value>
                <![CDATA[lakshmi@yahoo.com]]>
              </value>
            </param>
            <param index="1">
              <value>
                <![CDATA[Laxmi]]>
              </value>
            </param>
            <param index="2">
              <value>
                <![CDATA[Invalid]]>
              </value>
            </param>
          </params>
          <reporter-output>
          </reporter-output>
        </test-method> <!-- testDataDriven -->
        <test-method signature="testDataDriven(java.lang.String,java.lang.String,java.lang.String)[pri:0, instance:testCases.TC_003_DataDrivenTest@f0da945]" started-at="2023-01-01T23:13:32 GST" name="testDataDriven" data-provider="LoginData" finished-at="2023-01-01T23:13:43 GST" duration-ms="11022" status="PASS">
          <params>
            <param index="0">
              <value>
                <![CDATA[laksh@yahoo.com]]>
              </value>
            </param>
            <param index="1">
              <value>
                <![CDATA[Lakshmi]]>
              </value>
            </param>
            <param index="2">
              <value>
                <![CDATA[Invalid]]>
              </value>
            </param>
          </params>
          <reporter-output>
          </reporter-output>
        </test-method> <!-- testDataDriven -->
        <test-method signature="testDataDriven(java.lang.String,java.lang.String,java.lang.String)[pri:0, instance:testCases.TC_003_DataDrivenTest@f0da945]" started-at="2023-01-01T23:13:43 GST" name="testDataDriven" data-provider="LoginData" finished-at="2023-01-01T23:13:54 GST" duration-ms="10993" status="PASS">
          <params>
            <param index="0">
              <value>
                <![CDATA[laks@yahoo.com]]>
              </value>
            </param>
            <param index="1">
              <value>
                <![CDATA[xyz]]>
              </value>
            </param>
            <param index="2">
              <value>
                <![CDATA[Invalid]]>
              </value>
            </param>
          </params>
          <reporter-output>
          </reporter-output>
        </test-method> <!-- testDataDriven -->
        <test-method signature="testDataDriven(java.lang.String,java.lang.String,java.lang.String)[pri:0, instance:testCases.TC_003_DataDrivenTest@f0da945]" started-at="2023-01-01T23:13:54 GST" name="testDataDriven" data-provider="LoginData" finished-at="2023-01-01T23:13:55 GST" duration-ms="1374" status="PASS">
          <params>
            <param index="0">
              <value>
                <![CDATA[abc123@gmail.com]]>
              </value>
            </param>
            <param index="1">
              <value>
                <![CDATA[test@123]]>
              </value>
            </param>
            <param index="2">
              <value>
                <![CDATA[Valid]]>
              </value>
            </param>
          </params>
          <reporter-output>
          </reporter-output>
        </test-method> <!-- testDataDriven -->
        <test-method is-config="true" signature="tearDown()[pri:0, instance:testCases.TC_003_DataDrivenTest@f0da945]" started-at="2023-01-01T23:13:55 GST" name="tearDown" finished-at="2023-01-01T23:13:56 GST" duration-ms="227" status="PASS">
          <reporter-output>
          </reporter-output>
        </test-method> <!-- tearDown -->
      </class> <!-- testCases.TC_003_DataDrivenTest -->
      <class name="testCases.TC_002_AccountLoginTest">
        <test-method is-config="true" signature="setup(java.lang.String)[pri:0, instance:testCases.TC_002_AccountLoginTest@17497425]" started-at="2023-01-01T23:12:54 GST" name="setup" finished-at="2023-01-01T23:12:58 GST" duration-ms="3432" status="PASS">
          <params>
            <param index="0">
              <value>
                <![CDATA[chrome]]>
              </value>
            </param>
          </params>
          <reporter-output>
          </reporter-output>
        </test-method> <!-- setup -->
        <test-method signature="testAccountLogin()[pri:0, instance:testCases.TC_002_AccountLoginTest@17497425]" started-at="2023-01-01T23:12:58 GST" name="testAccountLogin" finished-at="2023-01-01T23:13:00 GST" duration-ms="1687" status="PASS">
          <reporter-output>
          </reporter-output>
        </test-method> <!-- testAccountLogin -->
        <test-method is-config="true" signature="tearDown()[pri:0, instance:testCases.TC_002_AccountLoginTest@17497425]" started-at="2023-01-01T23:13:00 GST" name="tearDown" finished-at="2023-01-01T23:13:00 GST" duration-ms="190" status="PASS">
          <reporter-output>
          </reporter-output>
        </test-method> <!-- tearDown -->
      </class> <!-- testCases.TC_002_AccountLoginTest -->
    </test> <!-- chrome_test -->
  </suite> <!-- All Test Suite -->
</testng-results>
