<?xml version="1.0" encoding="UTF-8"?>
<!-- Generated by org.testng.reporters.JUnitXMLReporter -->
<testsuite ignored="0" hostname="Naveens-MacBook-Pro.local" failures="0" tests="7" name="chrome_test" time="85.873" errors="0" timestamp="2023-01-03T10:09:10 GST">
  <testcase classname="testCases.TC_001_AccountRegistrationTest" name="test_account_registration" time="2.795"/>
  <testcase classname="testCases.TC_002_AccountLoginTest" name="testAccountLogin" time="1.508"/>
  <testcase classname="testCases.TC_003_DataDrivenTest" name="testDataDriven" time="11.261"/>
  <testcase classname="testCases.TC_003_DataDrivenTest" name="testDataDriven" time="12.176"/>
  <testcase classname="testCases.TC_003_DataDrivenTest" name="testDataDriven" time="11.028"/>
  <testcase classname="testCases.TC_003_DataDrivenTest" name="testDataDriven" time="10.96"/>
  <testcase classname="testCases.TC_003_DataDrivenTest" name="testDataDriven" time="1.357"/>
</testsuite> <!-- chrome_test -->
